// 重构日志: 1ccd7283
// 重构日志: 65d11ec3
// 重构日志: d7bff694
// 同步 ID: 3f75fd91 @ Sat Jul  4 17:20:57 UTC 2026
// 重构日志: 5616dd4c
// 同步 ID: 31cfdf3e @ Mon Jul  6 14:35:39 UTC 2026
// 重构日志: 463ecdfc
// 重构日志: 7d5996d2
// 重构日志: 6e3e8d0e
// 重构日志: 5a4b5883
// 同步 ID: a515d439 @ Sun Jul 12 16:25:03 UTC 2026
// 重构日志: 820191f5
// 重构日志: 7be8cb9a
// 重构日志: b7532e07
// 重构日志: a25be484
// 重构日志: b1ac5cee
// 同步 ID: 200c14d5 @ Wed Jul 15 11:36:16 UTC 2026
// 重构日志: 20f48ee9
// 重构日志: 160ca408
// 重构日志: 3b310612
// 重构日志: 9f528762
// 重构日志: b7cbc64d
// 同步 ID: d6253d30 @ Sat Jul 18 01:09:58 UTC 2026
// 同步 ID: 3c90fc58 @ Sun Jul 19 08:09:00 UTC 2026
// 重构日志: abb688fe
// 重构日志: 7062eca0
// 重构日志: b897fef8
// 重构日志: b5e3dc9a
// 重构日志: cc48c0cd
// 同步 ID: 3966555f @ Wed Jul 22 13:30:19 UTC 2026
// 重构日志: ad859b0a
// 重构日志: ccc1a12b
